<?xml version="1.0" encoding="UTF-8"?>
<robot generator="Robot 7.3.2 (Python 3.13.5 on win32)" generated="2025-07-24T11:48:17.209508" rpa="false" schemaversion="5">
<suite id="s1" name="TC UserManagement" source="e:\VS Code\OrangeHrm\TestCases\TC_UserManagement.robot">
<test id="s1-t1" name="User Management - Admin Login" line="13">
<kw name="Open Admin User Management Page" owner="userManagement">
<kw name="Open Browser" owner="SeleniumLibrary">
<msg time="2025-07-24T11:48:17.747982" level="INFO">Opening browser 'Chrome' to base url 'https://opensource-demo.orangehrmlive.com/web/index.php/auth/login'.</msg>
<arg>${Url}</arg>
<arg>${Browser}</arg>
<doc>Opens a new browser instance to the optional ``url``.</doc>
<status status="PASS" start="2025-07-24T11:48:17.747432" elapsed="4.700966"/>
</kw>
<kw name="Maximize Browser Window" owner="SeleniumLibrary">
<doc>Maximizes current browser window.</doc>
<status status="PASS" start="2025-07-24T11:48:22.449784" elapsed="0.030918"/>
</kw>
<kw name="Set Selenium Implicit Wait" owner="SeleniumLibrary">
<arg>5s</arg>
<doc>Sets the implicit wait value used by Selenium.</doc>
<status status="PASS" start="2025-07-24T11:48:22.482059" elapsed="0.003657"/>
</kw>
<arg>${Url}</arg>
<arg>${Browser}</arg>
<status status="PASS" start="2025-07-24T11:48:17.745687" elapsed="4.740445"/>
</kw>
<kw name="Enter Admin Username" owner="userManagement">
<kw name="Input Text" owner="SeleniumLibrary">
<msg time="2025-07-24T11:48:22.489406" level="INFO">Typing text 'admin' into text field 'name:username'.</msg>
<arg>${userName}</arg>
<arg>${UsernameValue}</arg>
<doc>Types the given ``text`` into the text field identified by ``locator``.</doc>
<status status="PASS" start="2025-07-24T11:48:22.488151" elapsed="1.095402"/>
</kw>
<arg>${UsernameValue}</arg>
<status status="PASS" start="2025-07-24T11:48:22.487192" elapsed="1.096882"/>
</kw>
<kw name="Enter admin Password" owner="userManagement">
<kw name="Input Password" owner="SeleniumLibrary">
<msg time="2025-07-24T11:48:23.586386" level="INFO">Typing password into text field 'name:password'.</msg>
<msg time="2025-07-24T11:48:23.626018" level="INFO">Temporally setting log level to: NONE</msg>
<arg>${passWord}</arg>
<arg>${PasswordValue}</arg>
<doc>Types the given password into the text field identified by ``locator``.</doc>
<status status="PASS" start="2025-07-24T11:48:23.585662" elapsed="0.115961"/>
</kw>
<arg>${PasswordValue}</arg>
<status status="PASS" start="2025-07-24T11:48:23.584810" elapsed="0.117352"/>
</kw>
<kw name="Click Login Button Admin Page" owner="userManagement">
<kw name="Click Button" owner="SeleniumLibrary">
<msg time="2025-07-24T11:48:23.705091" level="INFO">Clicking button 'xpath://button[normalize-space()='Login']'.</msg>
<arg>${loginButton}</arg>
<doc>Clicks the button identified by ``locator``.</doc>
<status status="PASS" start="2025-07-24T11:48:23.704314" elapsed="0.103622"/>
</kw>
<status status="PASS" start="2025-07-24T11:48:23.703255" elapsed="0.105285"/>
</kw>
<kw name="Click Admin Menu" owner="userManagement">
<kw name="Click Element" owner="SeleniumLibrary">
<msg time="2025-07-24T11:48:23.811391" level="INFO">Clicking element 'xpath://*[@href='/web/index.php/admin/viewAdminModule']'.</msg>
<arg>${admin}</arg>
<doc>Click the element identified by ``locator``.</doc>
<status status="PASS" start="2025-07-24T11:48:23.810510" elapsed="13.465631"/>
</kw>
<status status="PASS" start="2025-07-24T11:48:23.809661" elapsed="13.467000"/>
</kw>
<doc>This test case logs into the admin user management page.</doc>
<status status="PASS" start="2025-07-24T11:48:17.744114" elapsed="19.533587"/>
</test>
<status status="PASS" start="2025-07-24T11:48:17.216875" elapsed="20.063690"/>
</suite>
<statistics>
<total>
<stat pass="1" fail="0" skip="0">All Tests</stat>
</total>
<tag>
</tag>
<suite>
<stat name="TC UserManagement" id="s1" pass="1" fail="0" skip="0">TC UserManagement</stat>
</suite>
</statistics>
<errors>
</errors>
</robot>
