<?xml version="1.0" encoding="UTF-8"?>
<robot generator="Robot 7.3.2 (Python 3.13.5 on win32)" generated="2025-07-22T12:20:00.408932" rpa="false" schemaversion="5">
<suite id="s1" name="TC Login" source="E:\VS Code\OrangeHrm\TestCases\TC_Login.robot">
<test id="s1-t1" name="Valid Login" line="13">
<kw name="Open Login Page" owner="loginKeywords">
<kw name="Open Browser" owner="SeleniumLibrary">
<msg time="2025-07-22T12:20:00.618305" level="INFO">Opening browser 'Chrome' to base url 'https://opensource-demo.orangehrmlive.com/web/index.php/auth/login'.</msg>
<arg>${Url}</arg>
<arg>${Browser}</arg>
<doc>Opens a new browser instance to the optional ``url``.</doc>
<status status="PASS" start="2025-07-22T12:20:00.618085" elapsed="17.255250"/>
</kw>
<kw name="Maximize Browser Window" owner="SeleniumLibrary">
<doc>Maximizes current browser window.</doc>
<status status="PASS" start="2025-07-22T12:20:17.873710" elapsed="0.033101"/>
</kw>
<kw name="Set Selenium Implicit Wait" owner="SeleniumLibrary">
<arg>5s</arg>
<doc>Sets the implicit wait value used by Selenium.</doc>
<status status="PASS" start="2025-07-22T12:20:17.907139" elapsed="0.002214"/>
</kw>
<arg>${URL}</arg>
<arg>${BROWSER}</arg>
<status status="PASS" start="2025-07-22T12:20:00.616913" elapsed="17.292633"/>
</kw>
<kw name="Enter Username" owner="loginKeywords">
<kw name="Input Text" owner="SeleniumLibrary">
<msg time="2025-07-22T12:20:17.911115" level="INFO">Typing text 'Admin' into text field 'name:username'.</msg>
<arg>${userName}</arg>
<arg>${UsernameValue}</arg>
<doc>Types the given ``text`` into the text field identified by ``locator``.</doc>
<status status="PASS" start="2025-07-22T12:20:17.910452" elapsed="5.271827"/>
</kw>
<arg>${USERNAME_VALUE}</arg>
<status status="PASS" start="2025-07-22T12:20:17.909868" elapsed="5.272729"/>
</kw>
<kw name="Enter Password" owner="loginKeywords">
<kw name="Input Password" owner="SeleniumLibrary">
<msg time="2025-07-22T12:20:23.183627" level="INFO">Typing password into text field 'name:password'.</msg>
<msg time="2025-07-22T12:20:23.225681" level="INFO">Temporally setting log level to: NONE</msg>
<arg>${passWord}</arg>
<arg>${PasswordValue}</arg>
<doc>Types the given password into the text field identified by ``locator``.</doc>
<status status="PASS" start="2025-07-22T12:20:23.183361" elapsed="0.091714"/>
</kw>
<arg>${PASSWORD_VALUE}</arg>
<status status="PASS" start="2025-07-22T12:20:23.182921" elapsed="0.092284"/>
</kw>
<kw name="Click Login Button" owner="loginKeywords">
<kw name="Click Button" owner="SeleniumLibrary">
<msg time="2025-07-22T12:20:23.276014" level="INFO">Clicking button 'xpath://button[normalize-space()='Login']'.</msg>
<arg>${loginButton}</arg>
<doc>Clicks the button identified by ``locator``.</doc>
<status status="PASS" start="2025-07-22T12:20:23.275748" elapsed="6.534814"/>
</kw>
<status status="PASS" start="2025-07-22T12:20:23.275419" elapsed="6.535396"/>
</kw>
<kw name="Verfy Login Success" owner="loginKeywords">
<kw name="Wait Until Page Contains Element" owner="SeleniumLibrary">
<arg>${dashboardElement}</arg>
<arg>10s</arg>
<doc>Waits until the element ``locator`` appears on the current page.</doc>
<status status="PASS" start="2025-07-22T12:20:29.811404" elapsed="1.479595"/>
</kw>
<kw name="Element Should Be Visible" owner="SeleniumLibrary">
<msg time="2025-07-22T12:20:31.309583" level="INFO">Element 'xpath://h6[normalize-space()='Dashboard']' is displayed.</msg>
<arg>${dashboardElement}</arg>
<doc>Verifies that the element identified by ``locator`` is visible.</doc>
<status status="PASS" start="2025-07-22T12:20:31.291191" elapsed="0.018515"/>
</kw>
<status status="PASS" start="2025-07-22T12:20:29.811048" elapsed="1.498796"/>
</kw>
<kw name="Tear Down" owner="loginKeywords">
<kw name="Close Browser" owner="SeleniumLibrary">
<doc>Closes the current browser.</doc>
<status status="PASS" start="2025-07-22T12:20:31.310450" elapsed="2.278327"/>
</kw>
<status status="PASS" start="2025-07-22T12:20:31.310092" elapsed="2.279049"/>
</kw>
<doc>Test case for valid login</doc>
<status status="PASS" start="2025-07-22T12:20:00.616381" elapsed="32.974076"/>
</test>
<status status="PASS" start="2025-07-22T12:20:00.421784" elapsed="33.172721"/>
</suite>
<statistics>
<total>
<stat pass="1" fail="0" skip="0">All Tests</stat>
</total>
<tag>
</tag>
<suite>
<stat name="TC Login" id="s1" pass="1" fail="0" skip="0">TC Login</stat>
</suite>
</statistics>
<errors>
</errors>
</robot>
